<?xml version="1.0" encoding="UTF-8"?>
<!-- Generated by org.testng.reporters.JUnitReportReporter -->
<testsuite skipped="0" hostname="Prajaktaka-VD" name="Demo.Demo.Main" tests="1" failures="0" timestamp="09 Oct 2023 05:10:50 GMT" time="2.074" errors="0">
  <testcase name="Testng" time="2.074" classname="Demo.Demo.Main"/>
</testsuite> <!-- Demo.Demo.Main -->
